<?xml version="1.0" encoding="UTF-8"?>
<!-- Generated by org.testng.reporters.JUnitXMLReporter -->
<testsuite ignored="0" hostname="LAPTOP-LFU0PBV8" failures="2" tests="5" name="Surefire test" time="35.439" errors="0" timestamp="2022-05-31T11:39:04 EDT">
  <testcase classname="io.cucumber.testng.AbstractTestNGCucumberTests" name="runScenario" time="16.515">
    <failure type="java.lang.AssertionError" message="expected [Welcome to your free trial.] but found [Home Page ~ Salesforce - Developer Edition]">
      <![CDATA[java.lang.AssertionError: expected [Welcome to your free trial.] but found [Home Page ~ Salesforce - Developer Edition]
at com.salesforce.steps.SalesforceStepDefinition.verify_page_title_as_on(SalesforceStepDefinition.java:71)
at ✽.Verify page title as "Welcome to your free trial." on "HomePage"(file:///C:/Users/gowri/eclipse-workspace/SalesforceCucumberFrameworkPOM/src/test/resources/com/salesforce/features/SalesforceApplication.feature:13)
... Removed 6 stack frames]]>
    </failure>
  </testcase> <!-- runScenario -->
  <testcase classname="io.cucumber.testng.AbstractTestNGCucumberTests" name="runScenario" time="5.58"/>
  <testcase classname="io.cucumber.testng.AbstractTestNGCucumberTests" name="runScenario" time="6.664"/>
  <testcase classname="io.cucumber.testng.AbstractTestNGCucumberTests" name="runScenario" time="3.331">
    <failure type="java.lang.NullPointerException" message="Cannot invoke &amp;quot;org.openqa.selenium.WebDriver.getTitle()&amp;quot; because &amp;quot;this.driver&amp;quot; is null">
      <![CDATA[java.lang.NullPointerException: Cannot invoke "org.openqa.selenium.WebDriver.getTitle()" because "this.driver" is null
at com.salesforce.pages.loginpages.LoginCheckEmailPage.getCheckEmailTitle(LoginCheckEmailPage.java:15)
at com.salesforce.steps.SalesforceStepDefinition.verify_page_title_as_on(SalesforceStepDefinition.java:74)
at ✽.Verify page title as "Check Your Email | Salesforce" on "LoginCheckEmailPage"(file:///C:/Users/gowri/eclipse-workspace/SalesforceCucumberFrameworkPOM/src/test/resources/com/salesforce/features/SalesforceApplication.feature:40)
]]>
    </failure>
  </testcase> <!-- runScenario -->
  <testcase classname="io.cucumber.testng.AbstractTestNGCucumberTests" name="runScenario" time="2.856"/>
</testsuite> <!-- Surefire test -->
