<?xml version="1.0" encoding="UTF-8"?>
<!-- Generated by org.testng.reporters.JUnitReportReporter -->
<testsuite hostname="LAPTOP-LFU0PBV8" failures="1" tests="5" name="com.salesforce.runners.SalesforceRunner" time="21.553" errors="1" timestamp="2022-05-31T10:34:44 EDT" skipped="0">
  <testcase classname="com.salesforce.runners.SalesforceRunner" name="runScenario" time="5.724">
    <failure message="expected [Welcome to your free trial.] but found []" type="java.lang.AssertionError">
      <![CDATA[java.lang.AssertionError: expected [Welcome to your free trial.] but found []
at org.testng.Assert.fail(Assert.java:110)
at org.testng.Assert.failNotEquals(Assert.java:1413)
at org.testng.Assert.assertEqualsImpl(Assert.java:149)
at org.testng.Assert.assertEquals(Assert.java:131)
at org.testng.Assert.assertEquals(Assert.java:655)
at org.testng.Assert.assertEquals(Assert.java:665)
at com.salesforce.steps.SalesforceStepDefinition.verify_page_title_as_on(SalesforceStepDefinition.java:71)
at ✽.Verify page title as "Welcome to your free trial." on "HomePage"(file:///C:/Users/gowri/eclipse-workspace/SalesforceCucumberFrameworkPOM/src/test/resources/com/salesforce/features/SalesforceApplication.feature:15)
]]>
    </failure>
  </testcase> <!-- runScenario -->
  <system-out/>
  <testcase classname="com.salesforce.runners.SalesforceRunner" name="runScenario" time="6.926"/>
  <system-out/>
  <testcase classname="com.salesforce.runners.SalesforceRunner" name="runScenario" time="3.069">
    <error message="Cannot invoke &quot;org.openqa.selenium.WebDriver.getTitle()&quot; because &quot;this.driver&quot; is null" type="java.lang.NullPointerException">
      <![CDATA[java.lang.NullPointerException: Cannot invoke "org.openqa.selenium.WebDriver.getTitle()" because "this.driver" is null
at com.salesforce.pages.loginpages.LoginCheckEmailPage.getCheckEmailTitle(LoginCheckEmailPage.java:15)
at com.salesforce.steps.SalesforceStepDefinition.verify_page_title_as_on(SalesforceStepDefinition.java:74)
at ✽.Verify page title as "Check Your Email | Salesforce" on "LoginCheckEmailPage"(file:///C:/Users/gowri/eclipse-workspace/SalesforceCucumberFrameworkPOM/src/test/resources/com/salesforce/features/SalesforceApplication.feature:42)
]]>
    </error>
  </testcase> <!-- runScenario -->
  <system-out/>
  <testcase classname="com.salesforce.runners.SalesforceRunner" name="runScenario" time="2.881"/>
  <system-out/>
  <testcase classname="com.salesforce.runners.SalesforceRunner" name="runScenario" time="2.953"/>
  <system-out/>
</testsuite> <!-- com.salesforce.runners.SalesforceRunner -->
